<?xml version="1.0" encoding="UTF-8"?>
<coverage generated="1767811485583" clover="3.2.0">
  <project timestamp="1767811485583" name="All files">
    <metrics statements="12" coveredstatements="12" conditionals="6" coveredconditionals="5" methods="7" coveredmethods="7" elements="25" coveredelements="24" complexity="0" loc="12" ncloc="12" packages="1" files="1" classes="1"/>
    <file name="script.js" path="/Users/juliaalchemova/Desktop/FCC Labs/JavaScript/fcc-hof-and-callbacks-with-tests/script.js">
      <metrics statements="12" coveredstatements="12" conditionals="6" coveredconditionals="5" methods="7" coveredmethods="7"/>
      <line num="1" count="3" type="stmt"/>
      <line num="2" count="1" type="stmt"/>
      <line num="16" count="3" type="stmt"/>
      <line num="17" count="23" type="stmt"/>
      <line num="18" count="34" type="stmt"/>
      <line num="20" count="11" type="cond" truecount="2" falsecount="0"/>
      <line num="32" count="3" type="stmt"/>
      <line num="33" count="10" type="stmt"/>
      <line num="34" count="28" type="stmt"/>
      <line num="35" count="29" type="stmt"/>
      <line num="40" count="3" type="cond" truecount="3" falsecount="1"/>
      <line num="41" count="3" type="stmt"/>
    </file>
  </project>
</coverage>
