<?xml version="1.0" encoding="UTF-8"?>
<coverage generated="1767863416557" clover="3.2.0">
  <project timestamp="1767863416557" name="All files">
    <metrics statements="14" coveredstatements="14" conditionals="6" coveredconditionals="5" methods="9" coveredmethods="9" elements="29" coveredelements="28" complexity="0" loc="14" ncloc="14" packages="1" files="1" classes="1"/>
    <file name="script.js" path="/Users/juliaalchemova/Desktop/FCC Labs/JavaScript/fcc-hof-and-callbacks-with-tests/script.js">
      <metrics statements="14" coveredstatements="14" conditionals="6" coveredconditionals="5" methods="9" coveredmethods="9"/>
      <line num="1" count="4" type="stmt"/>
      <line num="2" count="1" type="stmt"/>
      <line num="16" count="4" type="stmt"/>
      <line num="17" count="23" type="stmt"/>
      <line num="18" count="34" type="stmt"/>
      <line num="20" count="11" type="cond" truecount="2" falsecount="0"/>
      <line num="32" count="4" type="stmt"/>
      <line num="33" count="10" type="stmt"/>
      <line num="34" count="28" type="stmt"/>
      <line num="35" count="29" type="stmt"/>
      <line num="47" count="4" type="stmt"/>
      <line num="48" count="39" type="stmt"/>
      <line num="53" count="4" type="cond" truecount="3" falsecount="1"/>
      <line num="54" count="4" type="stmt"/>
    </file>
  </project>
</coverage>
