{"/Users/juliaalchemova/Desktop/FCC Labs/JavaScript/fcc-hof-and-callbacks-with-tests/script.js": {"path":"/Users/juliaalchemova/Desktop/FCC Labs/JavaScript/fcc-hof-and-callbacks-with-tests/script.js","statementMap":{"0":{"start":{"line":1,"column":17},"end":{"line":3,"column":1}},"1":{"start":{"line":2,"column":2},"end":{"line":2,"column":24}},"2":{"start":{"line":16,"column":22},"end":{"line":21,"column":1}},"3":{"start":{"line":17,"column":16},"end":{"line":17,"column":33}},"4":{"start":{"line":17,"column":24},"end":{"line":17,"column":33}},"5":{"start":{"line":18,"column":17},"end":{"line":18,"column":59}},"6":{"start":{"line":18,"column":36},"end":{"line":18,"column":41}},"7":{"start":{"line":20,"column":2},"end":{"line":20,"column":45}},"8":{"start":{"line":32,"column":18},"end":{"line":37,"column":1}},"9":{"start":{"line":33,"column":2},"end":{"line":36,"column":3}},"10":{"start":{"line":34,"column":27},"end":{"line":34,"column":47}},"11":{"start":{"line":35,"column":27},"end":{"line":35,"column":47}},"12":{"start":{"line":47,"column":18},"end":{"line":49,"column":1}},"13":{"start":{"line":48,"column":2},"end":{"line":48,"column":45}},"14":{"start":{"line":48,"column":26},"end":{"line":48,"column":44}},"15":{"start":{"line":53,"column":0},"end":{"line":60,"column":1}},"16":{"start":{"line":54,"column":2},"end":{"line":59,"column":4}}},"fnMap":{"0":{"name":"(anonymous_0)","decl":{"start":{"line":1,"column":17},"end":{"line":1,"column":18}},"loc":{"start":{"line":1,"column":23},"end":{"line":3,"column":1}},"line":1},"1":{"name":"(anonymous_1)","decl":{"start":{"line":16,"column":22},"end":{"line":16,"column":23}},"loc":{"start":{"line":16,"column":36},"end":{"line":21,"column":1}},"line":16},"2":{"name":"(anonymous_2)","decl":{"start":{"line":17,"column":16},"end":{"line":17,"column":17}},"loc":{"start":{"line":17,"column":24},"end":{"line":17,"column":33}},"line":17},"3":{"name":"(anonymous_3)","decl":{"start":{"line":18,"column":26},"end":{"line":18,"column":27}},"loc":{"start":{"line":18,"column":36},"end":{"line":18,"column":41}},"line":18},"4":{"name":"(anonymous_4)","decl":{"start":{"line":32,"column":18},"end":{"line":32,"column":19}},"loc":{"start":{"line":32,"column":34},"end":{"line":37,"column":1}},"line":32},"5":{"name":"(anonymous_5)","decl":{"start":{"line":34,"column":19},"end":{"line":34,"column":20}},"loc":{"start":{"line":34,"column":27},"end":{"line":34,"column":47}},"line":34},"6":{"name":"(anonymous_6)","decl":{"start":{"line":35,"column":19},"end":{"line":35,"column":20}},"loc":{"start":{"line":35,"column":27},"end":{"line":35,"column":47}},"line":35},"7":{"name":"(anonymous_7)","decl":{"start":{"line":47,"column":18},"end":{"line":47,"column":19}},"loc":{"start":{"line":47,"column":36},"end":{"line":49,"column":1}},"line":47},"8":{"name":"(anonymous_8)","decl":{"start":{"line":48,"column":20},"end":{"line":48,"column":21}},"loc":{"start":{"line":48,"column":26},"end":{"line":48,"column":44}},"line":48}},"branchMap":{"0":{"loc":{"start":{"line":20,"column":9},"end":{"line":20,"column":44}},"type":"cond-expr","locations":[{"start":{"line":20,"column":25},"end":{"line":20,"column":35}},{"start":{"line":20,"column":38},"end":{"line":20,"column":44}}],"line":20},"1":{"loc":{"start":{"line":53,"column":0},"end":{"line":60,"column":1}},"type":"if","locations":[{"start":{"line":53,"column":0},"end":{"line":60,"column":1}},{"start":{},"end":{}}],"line":53},"2":{"loc":{"start":{"line":53,"column":4},"end":{"line":53,"column":51}},"type":"binary-expr","locations":[{"start":{"line":53,"column":4},"end":{"line":53,"column":33}},{"start":{"line":53,"column":37},"end":{"line":53,"column":51}}],"line":53}},"s":{"0":4,"1":1,"2":4,"3":11,"4":23,"5":11,"6":34,"7":11,"8":4,"9":10,"10":28,"11":29,"12":4,"13":8,"14":39,"15":4,"16":4},"f":{"0":1,"1":11,"2":23,"3":34,"4":10,"5":28,"6":29,"7":8,"8":39},"b":{"0":[3,8],"1":[4,0],"2":[4,4]},"_coverageSchema":"1a1c01bbd47fc00a2c39e90264f33305004495a9","hash":"a519c0fe2270d989098da4d725e5ae4fbcee84c7"}
}
