TN:
SF:script.js
FN:1,(anonymous_0)
FN:16,(anonymous_1)
FN:17,(anonymous_2)
FN:18,(anonymous_3)
FN:32,(anonymous_4)
FN:34,(anonymous_5)
FN:35,(anonymous_6)
FNF:7
FNH:7
FNDA:1,(anonymous_0)
FNDA:11,(anonymous_1)
FNDA:23,(anonymous_2)
FNDA:34,(anonymous_3)
FNDA:10,(anonymous_4)
FNDA:28,(anonymous_5)
FNDA:29,(anonymous_6)
DA:1,3
DA:2,1
DA:16,3
DA:17,23
DA:18,34
DA:20,11
DA:32,3
DA:33,10
DA:34,28
DA:35,29
DA:40,3
DA:41,3
LF:12
LH:12
BRDA:20,0,0,3
BRDA:20,0,1,8
BRDA:40,1,0,3
BRDA:40,1,1,0
BRDA:40,2,0,3
BRDA:40,2,1,3
BRF:6
BRH:5
end_of_record
