TN:
SF:script.js
FN:1,(anonymous_0)
FN:16,(anonymous_1)
FN:17,(anonymous_2)
FN:18,(anonymous_3)
FN:32,(anonymous_4)
FN:34,(anonymous_5)
FN:35,(anonymous_6)
FN:47,(anonymous_7)
FN:48,(anonymous_8)
FNF:9
FNH:9
FNDA:1,(anonymous_0)
FNDA:11,(anonymous_1)
FNDA:23,(anonymous_2)
FNDA:34,(anonymous_3)
FNDA:10,(anonymous_4)
FNDA:28,(anonymous_5)
FNDA:29,(anonymous_6)
FNDA:8,(anonymous_7)
FNDA:39,(anonymous_8)
DA:1,4
DA:2,1
DA:16,4
DA:17,23
DA:18,34
DA:20,11
DA:32,4
DA:33,10
DA:34,28
DA:35,29
DA:47,4
DA:48,39
DA:53,4
DA:54,4
LF:14
LH:14
BRDA:20,0,0,3
BRDA:20,0,1,8
BRDA:53,1,0,4
BRDA:53,1,1,0
BRDA:53,2,0,4
BRDA:53,2,1,4
BRF:6
BRH:5
end_of_record
